<?xml version="1.0" encoding="UTF-8"?>
<!-- Generated by org.testng.reporters.JUnitReportReporter -->
<testsuite skipped="0" hostname="DESKTOP-2T7PD1S" name="tests.LoginTest" tests="2" failures="0" timestamp="2020-05-07T22:33:52 CDT" time="24.536" errors="0">
  <testcase name="loginPageNavigation" time="10.389" classname="tests.LoginTest"/>
  <testcase name="loginPageNavigation" time="14.147" classname="tests.LoginTest"/>
</testsuite> <!-- tests.LoginTest -->
